<?xml version="1.0" encoding="UTF-8"?>
<!-- Generated by org.testng.reporters.JUnitReportReporter -->
<testsuite hostname="BLICHTENFEL6440" name="TestSuite1.PointOfViewVisual" tests="1" failures="0" timestamp="11 Oct 2016 15:56:37 GMT" time="10015.358" errors="0">
  <testcase name="PointOfViewVisualTest" time="10015.358" classname="TestSuite1.PointOfViewVisual"/>
</testsuite> <!-- TestSuite1.PointOfViewVisual -->
