<?xml version="1.0" encoding="UTF-8"?>
<!-- Generated by org.testng.reporters.JUnitReportReporter -->
<testsuite hostname="Dev21" name="testSuiteNumericValues.ExpensesKPITilesMultipleValues" tests="1" failures="0" timestamp="5 Jun 2017 17:31:22 GMT" time="241.018" errors="0">
  <testcase name="ExpensesKPITilesMultipleValuesTest" time="241.018" classname="testSuiteNumericValues.ExpensesKPITilesMultipleValues"/>
</testsuite> <!-- testSuiteNumericValues.ExpensesKPITilesMultipleValues -->
