<?xml version="1.0" encoding="UTF-8"?>
<!-- Generated by org.testng.reporters.JUnitReportReporter -->
<testsuite hostname="Dev21" name="testSuiteHierarchyDashValues.HierarchyValuesTestKPITilesDrillDown" tests="1" failures="0" timestamp="21 Feb 2017 12:16:03 GMT" time="781.482" errors="0">
  <testcase name="HierarchyKPITilesDrillDownTest" time="781.482" classname="testSuiteHierarchyDashValues.HierarchyValuesTestKPITilesDrillDown"/>
</testsuite> <!-- testSuiteHierarchyDashValues.HierarchyValuesTestKPITilesDrillDown -->
