<?xml version="1.0" encoding="UTF-8"?>
<!-- Generated by org.testng.reporters.JUnitReportReporter -->
<testsuite hostname="Bob-PC" name="TestSuite1.TC0018Home" tests="1" failures="0" timestamp="4 Sep 2016 20:41:26 GMT" time="143.228" errors="0">
  <testcase name="tc00018Home" time="143.228" classname="TestSuite1.TC0018Home"/>
</testsuite> <!-- TestSuite1.TC0018Home -->
