<?xml version="1.0" encoding="UTF-8"?>
<!-- Generated by org.testng.reporters.JUnitReportReporter -->
<testsuite hostname="Dev21" name="testSuiteLocalization.LocalizationHierarchyTopTenTest" tests="1" failures="0" timestamp="23 May 2017 17:36:18 GMT" time="27.347" errors="0">
  <testcase name="LocalizationHierarchyTopTen" time="27.347" classname="testSuiteLocalization.LocalizationHierarchyTopTenTest"/>
</testsuite> <!-- testSuiteLocalization.LocalizationHierarchyTopTenTest -->
