<?xml version="1.0" encoding="UTF-8"?>
<!-- Generated by org.testng.reporters.JUnitReportReporter -->
<testsuite hostname="Dev21" name="testSuiteUsageActions.TotalUsageByVendorActions" tests="1" failures="0" timestamp="19 Dec 2016 19:47:32 GMT" time="264.934" errors="0">
  <testcase name="TotalUsageByVendorActionsTest" time="264.934" classname="testSuiteUsageActions.TotalUsageByVendorActions"/>
</testsuite> <!-- testSuiteUsageActions.TotalUsageByVendorActions -->
