<?xml version="1.0" encoding="UTF-8"?>
<!-- Generated by org.testng.reporters.JUnitReportReporter -->
<testsuite hostname="Dev21" name="testSuiteUsage.KPITilesVisualUsage" tests="1" failures="0" timestamp="19 Dec 2016 19:50:07 GMT" time="6.690" errors="0">
  <testcase name="KpiTilesVisualUsageTest" time="6.690" classname="testSuiteUsage.KPITilesVisualUsage"/>
</testsuite> <!-- testSuiteUsage.KPITilesVisualUsage -->
