<?xml version="1.0" encoding="UTF-8"?>
<!-- Generated by org.testng.reporters.JUnitReportReporter -->
<testsuite hostname="Dev21" name="testSuiteUsageActions.PointOfViewVisualUsage" tests="1" failures="0" timestamp="6 Jun 2017 14:19:52 GMT" time="22.623" errors="0">
  <testcase name="PointOfViewVisualUsageTest" time="22.623" classname="testSuiteUsageActions.PointOfViewVisualUsage"/>
</testsuite> <!-- testSuiteUsageActions.PointOfViewVisualUsage -->
