<?xml version="1.0" encoding="UTF-8"?>
<!-- Generated by org.testng.reporters.JUnitReportReporter -->
<testsuite hostname="Dev21" name="testSuiteUsage.PointOfViewVisualUsage" tests="1" failures="0" timestamp="19 Dec 2016 16:06:08 GMT" time="43.303" errors="0">
  <testcase name="PointOfViewVisualUsageTest" time="43.303" classname="testSuiteUsage.PointOfViewVisualUsage"/>
</testsuite> <!-- testSuiteUsage.PointOfViewVisualUsage -->
