<?xml version="1.0" encoding="UTF-8"?>
<!-- Generated by org.testng.reporters.JUnitReportReporter -->
<testsuite hostname="Dev21" name="testSuiteUsage.UsagePageTestValuesFromFile" tests="1" failures="0" timestamp="27 Dec 2016 12:15:39 GMT" time="353.868" errors="0">
  <testcase name="UsagePageTestValuesFromFileTest" time="353.868" classname="testSuiteUsage.UsagePageTestValuesFromFile"/>
</testsuite> <!-- testSuiteUsage.UsagePageTestValuesFromFile -->
