<?xml version="1.0" encoding="UTF-8"?>
<!-- Generated by org.testng.reporters.JUnitReportReporter -->
<testsuite hostname="Dev21" name="testSuiteHierarchyDashValues.HierarchyAncestorsTestDrillDown" tests="1" failures="0" timestamp="28 Mar 2017 12:42:03 GMT" time="63.789" errors="0">
  <testcase name="HierarchyAncestorsTestDrillDownTest" time="63.789" classname="testSuiteHierarchyDashValues.HierarchyAncestorsTestDrillDown"/>
</testsuite> <!-- testSuiteHierarchyDashValues.HierarchyAncestorsTestDrillDown -->
