<?xml version="1.0" encoding="UTF-8"?>
<!-- Generated by org.testng.reporters.JUnitReportReporter -->
<testsuite hostname="BLICHTENFEL6440" name="TestSuite1.KPITilesVisual" tests="1" failures="0" timestamp="11 Oct 2016 20:19:03 GMT" time="10014.084" errors="0">
  <testcase name="KpiTilesVisualTest" time="10014.084" classname="TestSuite1.KPITilesVisual"/>
</testsuite> <!-- TestSuite1.KPITilesVisual -->
