<?xml version="1.0" encoding="UTF-8"?>
<!-- Generated by org.testng.reporters.JUnitReportReporter -->
<testsuite hostname="Bob-PC" name="TestSuite1.TC0031Home" tests="1" failures="0" timestamp="4 Sep 2016 20:59:11 GMT" time="133.371" errors="0">
  <testcase name="tc0031Home" time="133.371" classname="TestSuite1.TC0031Home"/>
</testsuite> <!-- TestSuite1.TC0031Home -->
