<?xml version="1.0" encoding="UTF-8"?>
<!-- Generated by org.testng.reporters.JUnitReportReporter -->
<testsuite hostname="Dev21" name="expensesTestValuesFromFile.ExpensesKPITilesTwoOrMoreVendorsTestValues" tests="1" failures="0" timestamp="23 Jan 2017 18:44:43 GMT" time="74.086" errors="0">
  <testcase name="ExpensesKPITilesTwoOrMoreVendorsTestValuesTest" time="74.086" classname="expensesTestValuesFromFile.ExpensesKPITilesTwoOrMoreVendorsTestValues"/>
</testsuite> <!-- expensesTestValuesFromFile.ExpensesKPITilesTwoOrMoreVendorsTestValues -->
