<?xml version="1.0" encoding="UTF-8"?>
<!-- Generated by org.testng.reporters.JUnitReportReporter -->
<testsuite hostname="BLICHTENFEL6440" name="TestSuite1.TC0001" tests="1" failures="0" timestamp="4 Oct 2016 12:14:20 GMT" time="15.925" errors="0">
  <testcase name="tc0001" time="15.925" classname="TestSuite1.TC0001"/>
</testsuite> <!-- TestSuite1.TC0001 -->
