<?xml version="1.0" encoding="UTF-8"?>
<!-- Generated by org.testng.reporters.JUnitReportReporter -->
<testsuite hostname="Bob-PC" name="TestSuite1.TC0030Home" tests="1" failures="0" timestamp="4 Sep 2016 20:55:50 GMT" time="158.988" errors="0">
  <testcase name="tc0030Home" time="158.988" classname="TestSuite1.TC0030Home"/>
</testsuite> <!-- TestSuite1.TC0030Home -->
