<?xml version="1.0" encoding="UTF-8"?>
<!-- Generated by org.testng.reporters.JUnitReportReporter -->
<testsuite hostname="BLICHTENFEL6440" name="TestSuite1.TC0019Home" tests="1" failures="0" timestamp="2 Sep 2016 13:18:44 GMT" time="116.280" errors="0">
  <testcase name="tc00019Home" time="116.280" classname="TestSuite1.TC0019Home"/>
</testsuite> <!-- TestSuite1.TC0019Home -->
