<?xml version="1.0" encoding="UTF-8"?>
<!-- Generated by org.testng.reporters.JUnitReportReporter -->
<testsuite hostname="BLICHTENFEL6440" name="testSuiteExpenseVisual.KPITilesVisual" tests="1" failures="0" timestamp="6 Jun 2017 20:11:18 GMT" time="7.845" errors="0">
  <testcase name="KpiTilesVisualTest" time="7.845" classname="testSuiteExpenseVisual.KPITilesVisual"/>
</testsuite> <!-- testSuiteExpenseVisual.KPITilesVisual -->
