<?xml version="1.0" encoding="UTF-8"?>
<!-- Generated by org.testng.reporters.JUnitReportReporter -->
<testsuite hostname="Dev21" name="testSuiteUsage.UsageTrendingByCountry" tests="1" failures="0" timestamp="19 Dec 2016 19:56:44 GMT" time="15.118" errors="0">
  <testcase name="UsageTrendingByCountryTest" time="15.118" classname="testSuiteUsage.UsageTrendingByCountry"/>
</testsuite> <!-- testSuiteUsage.UsageTrendingByCountry -->
