<?xml version="1.0" encoding="UTF-8"?>
<!-- Generated by org.testng.reporters.JUnitReportReporter -->
<testsuite hostname="Dev21" name="testSuiteHierarchyDashValues.HierarchyValuesTestTileMap" tests="1" failures="0" timestamp="23 Feb 2017 13:11:14 GMT" time="7.214" errors="0">
  <testcase name="HierarchyValuesTestTileMapTest" time="7.214" classname="testSuiteHierarchyDashValues.HierarchyValuesTestTileMap"/>
</testsuite> <!-- testSuiteHierarchyDashValues.HierarchyValuesTestTileMap -->
