<?xml version="1.0" encoding="UTF-8"?>
<!-- Generated by org.testng.reporters.JUnitReportReporter -->
<testsuite hostname="Dev21" name="testSuiteHierarchyDash.HierarchyKPITiles" tests="1" failures="0" timestamp="9 Feb 2017 20:16:18 GMT" time="38.329" errors="0">
  <testcase name="HierarchyKPITilesTest" time="38.329" classname="testSuiteHierarchyDash.HierarchyKPITiles"/>
</testsuite> <!-- testSuiteHierarchyDash.HierarchyKPITiles -->
