<?xml version="1.0" encoding="UTF-8"?>
<!-- Generated by org.testng.reporters.JUnitReportReporter -->
<testsuite hostname="BLICHTENFEL6440" name="TestSuite1.PointOfViewVisual" tests="1" failures="0" timestamp="11 Oct 2016 19:37:40 GMT" time="10014.199" errors="0">
  <testcase name="PointOfViewVisualTest" time="10014.199" classname="TestSuite1.PointOfViewVisual"/>
</testsuite> <!-- TestSuite1.PointOfViewVisual -->
