<?xml version="1.0" encoding="UTF-8"?>
<!-- Generated by org.testng.reporters.JUnitReportReporter -->
<testsuite hostname="Dev21" name="testSuiteUsage.TotalUsageByCountry" tests="1" failures="0" timestamp="19 Dec 2016 19:52:30 GMT" time="15.213" errors="0">
  <testcase name="TotalUsageByCountryTest" time="15.213" classname="testSuiteUsage.TotalUsageByCountry"/>
</testsuite> <!-- testSuiteUsage.TotalUsageByCountry -->
