<?xml version="1.0" encoding="UTF-8"?>
<!-- Generated by org.testng.reporters.JUnitReportReporter -->
<testsuite hostname="BLICHTENFEL6440" name="TestSuite1.TC0017Home" tests="1" failures="0" timestamp="2 Sep 2016 12:21:54 GMT" time="108.295" errors="0">
  <testcase name="tc0017Home" time="108.295" classname="TestSuite1.TC0017Home"/>
</testsuite> <!-- TestSuite1.TC0017Home -->
