<?xml version="1.0" encoding="UTF-8"?>
<!-- Generated by org.testng.reporters.JUnitReportReporter -->
<testsuite hostname="Dev21" name="testSuiteExpenseActions.TotalExpenseByVendorCountryActions" tests="1" failures="0" timestamp="3 May 2017 14:51:50 GMT" time="88.925" errors="0">
  <testcase name="TotalExpenseByVendorCountryActionsTest" time="88.925" classname="testSuiteExpenseActions.TotalExpenseByVendorCountryActions"/>
</testsuite> <!-- testSuiteExpenseActions.TotalExpenseByVendorCountryActions -->
