<?xml version="1.0" encoding="UTF-8"?>
<!-- Generated by org.testng.reporters.JUnitReportReporter -->
<testsuite hostname="Dev21" name="testSuiteExpenseHierarchy.HierarchyTopTenReport" tests="1" failures="0" timestamp="27 Apr 2017 19:05:13 GMT" time="66.172" errors="0">
  <testcase name="HierarchyTopTenReportTest" time="66.172" classname="testSuiteExpenseHierarchy.HierarchyTopTenReport"/>
</testsuite> <!-- testSuiteExpenseHierarchy.HierarchyTopTenReport -->
