<?xml version="1.0" encoding="UTF-8"?>
<!-- Generated by org.testng.reporters.JUnitReportReporter -->
<testsuite hostname="Dev21" name="testSuiteHierarchyDashValues.HierarchyTopTenReport" tests="1" failures="0" timestamp="5 Apr 2017 20:03:58 GMT" time="50.167" errors="0">
  <testcase name="HierarchyTopTenReportTest" time="50.167" classname="testSuiteHierarchyDashValues.HierarchyTopTenReport"/>
</testsuite> <!-- testSuiteHierarchyDashValues.HierarchyTopTenReport -->
