<?xml version="1.0" encoding="UTF-8"?>
<!-- Generated by org.testng.reporters.JUnitReportReporter -->
<testsuite hostname="BLICHTENFEL6440" name="TestSuite1.TC0023Home" tests="1" failures="0" timestamp="23 Aug 2016 13:08:04 GMT" time="168.334" errors="0">
  <testcase name="tc0023Home" time="168.334" classname="TestSuite1.TC0023Home"/>
</testsuite> <!-- TestSuite1.TC0023Home -->
