<?xml version="1.0" encoding="UTF-8"?>
<!-- Generated by org.testng.reporters.JUnitReportReporter -->
<testsuite hostname="Dev21" name="testSuiteLocalization.LocalizationFleetUsageTest" tests="1" failures="0" timestamp="30 May 2017 19:44:39 GMT" time="232.355" errors="0">
  <testcase name="LocalizationFleetUsage" time="232.355" classname="testSuiteLocalization.LocalizationFleetUsageTest"/>
</testsuite> <!-- testSuiteLocalization.LocalizationFleetUsageTest -->
