<?xml version="1.0" encoding="UTF-8"?>
<!-- Generated by org.testng.reporters.JUnitReportReporter -->
<testsuite hostname="BLICHTENFEL6440" name="TestSuite1.TC0025Home" tests="1" failures="0" timestamp="24 Aug 2016 15:25:17 GMT" time="178.080" errors="0">
  <testcase name="tc0025Home" time="178.080" classname="TestSuite1.TC0025Home"/>
</testsuite> <!-- TestSuite1.TC0025Home -->
