<?xml version="1.0" encoding="UTF-8"?>
<!-- Generated by org.testng.reporters.JUnitReportReporter -->
<testsuite hostname="Dev21" name="testSuiteUsage.TotalUsageByVendor" tests="1" failures="0" timestamp="19 Dec 2016 19:53:49 GMT" time="15.593" errors="0">
  <testcase name="TotalUsageByVendorTest" time="15.593" classname="testSuiteUsage.TotalUsageByVendor"/>
</testsuite> <!-- testSuiteUsage.TotalUsageByVendor -->
