<?xml version="1.0" encoding="UTF-8"?>
<!-- Generated by org.testng.reporters.JUnitReportReporter -->
<testsuite hostname="Dev21" name="testSuiteLocalization.LocalizationFleetUsageKPIsTest" tests="1" failures="0" timestamp="11 May 2017 14:38:12 GMT" time="20.220" errors="0">
  <testcase name="LocalizationFleetUsageKPIs" time="20.220" classname="testSuiteLocalization.LocalizationFleetUsageKPIsTest"/>
</testsuite> <!-- testSuiteLocalization.LocalizationFleetUsageKPIsTest -->
