<?xml version="1.0" encoding="UTF-8"?>
<!-- Generated by org.testng.reporters.JUnitReportReporter -->
<testsuite hostname="Dev21" name="testSuiteUsageActions.UsageTrendingByVendorActions" tests="1" failures="0" timestamp="22 Dec 2016 13:39:08 GMT" time="41.853" errors="0">
  <testcase name="UsageTrendingByVendorActionsTest" time="41.853" classname="testSuiteUsageActions.UsageTrendingByVendorActions"/>
</testsuite> <!-- testSuiteUsageActions.UsageTrendingByVendorActions -->
