<?xml version="1.0" encoding="UTF-8"?>
<!-- Generated by org.testng.reporters.JUnitReportReporter -->
<testsuite hostname="Dev21" name="testSuiteLocalization.CurrencyFleetUsageTest" tests="1" failures="0" timestamp="9 May 2017 14:53:32 GMT" time="17.862" errors="0">
  <testcase name="CurrencyFleetUsage" time="17.862" classname="testSuiteLocalization.CurrencyFleetUsageTest"/>
</testsuite> <!-- testSuiteLocalization.CurrencyFleetUsageTest -->
