<?xml version="1.0" encoding="UTF-8"?>
<!-- Generated by org.testng.reporters.JUnitReportReporter -->
<testsuite hostname="Dev21" name="testSuiteUsageActions.PointOfViewVisualUsage" tests="1" failures="0" timestamp="20 Dec 2016 19:17:54 GMT" time="54.906" errors="0">
  <testcase name="PointOfViewVisualUsageTest" time="54.906" classname="testSuiteUsageActions.PointOfViewVisualUsage"/>
</testsuite> <!-- testSuiteUsageActions.PointOfViewVisualUsage -->
