<?xml version="1.0" encoding="UTF-8"?>
<!-- Generated by org.testng.reporters.JUnitReportReporter -->
<testsuite hostname="Dev21" name="testSuiteExpenseHierarchy.HierarchyAncestorsTestDrillDown" tests="1" failures="0" timestamp="27 Apr 2017 19:01:08 GMT" time="377.174" errors="0">
  <testcase name="HierarchyAncestorsTestDrillDownTest" time="377.174" classname="testSuiteExpenseHierarchy.HierarchyAncestorsTestDrillDown"/>
</testsuite> <!-- testSuiteExpenseHierarchy.HierarchyAncestorsTestDrillDown -->
