<?xml version="1.0" encoding="UTF-8"?>
<!-- Generated by org.testng.reporters.JUnitReportReporter -->
<testsuite hostname="Dev21" name="testSuiteLocalization.LocalizationFleetUsageTest" tests="1" failures="0" timestamp="23 May 2017 17:36:18 GMT" time="225.869" errors="0">
  <testcase name="LocalizationFleetUsage" time="225.869" classname="testSuiteLocalization.LocalizationFleetUsageTest"/>
</testsuite> <!-- testSuiteLocalization.LocalizationFleetUsageTest -->
