<?xml version="1.0" encoding="UTF-8"?>
<!-- Generated by org.testng.reporters.JUnitReportReporter -->
<testsuite hostname="Dev21" name="testSuiteUsage.UsageTrendingByVendor" tests="1" failures="0" timestamp="19 Dec 2016 19:59:25 GMT" time="16.021" errors="0">
  <testcase name="UsageTrendingByVendorTest" time="16.021" classname="testSuiteUsage.UsageTrendingByVendor"/>
</testsuite> <!-- testSuiteUsage.UsageTrendingByVendor -->
