<?xml version="1.0" encoding="UTF-8"?>
<!-- Generated by org.testng.reporters.JUnitReportReporter -->
<testsuite hostname="BLICHTENFEL6440" name="testSuiteExpenseActions.TotalExpensesTrendVendorActions" tests="1" failures="0" timestamp="7 Jun 2017 16:49:21 GMT" time="33.062" errors="0">
  <testcase name="TotalExpensesTrendVendorActionsTest" time="33.062" classname="testSuiteExpenseActions.TotalExpensesTrendVendorActions"/>
</testsuite> <!-- testSuiteExpenseActions.TotalExpensesTrendVendorActions -->
