<?xml version="1.0" encoding="UTF-8"?>
<!-- Generated by org.testng.reporters.JUnitReportReporter -->
<testsuite hostname="BLICHTENFEL6440" name="testSuiteExpense.KPITilesVisual" tests="1" failures="0" timestamp="19 Oct 2016 17:38:59 GMT" time="1.894" errors="0">
  <testcase name="KpiTilesVisualTest" time="1.894" classname="testSuiteExpense.KPITilesVisual"/>
</testsuite> <!-- testSuiteExpense.KPITilesVisual -->
