<?xml version="1.0" encoding="UTF-8"?>
<!-- Generated by org.testng.reporters.JUnitReportReporter -->
<testsuite hostname="Dev21" name="testSuiteLocalization.LocalizationFleetTopTenTest" tests="1" failures="0" timestamp="30 May 2017 19:44:38 GMT" time="9.959" errors="0">
  <testcase name="LocalizationFleetTopTen" time="9.959" classname="testSuiteLocalization.LocalizationFleetTopTenTest"/>
</testsuite> <!-- testSuiteLocalization.LocalizationFleetTopTenTest -->
