<?xml version="1.0" encoding="UTF-8"?>
<!-- Generated by org.testng.reporters.JUnitReportReporter -->
<testsuite hostname="Dev21" name="expensesTestValuesFromFile.ExpensesKPITilesTestValues" tests="1" failures="0" timestamp="23 Jan 2017 16:00:42 GMT" time="180.354" errors="0">
  <testcase name="ExpensesKPITilesTestValuesTest" time="180.354" classname="expensesTestValuesFromFile.ExpensesKPITilesTestValues"/>
</testsuite> <!-- expensesTestValuesFromFile.ExpensesKPITilesTestValues -->
