<?xml version="1.0" encoding="UTF-8"?>
<!-- Generated by org.testng.reporters.JUnitReportReporter -->
<testsuite hostname="BLICHTENFEL6440" name="TestSuite1.TC0026Home" tests="1" failures="0" timestamp="2 Sep 2016 13:26:26 GMT" time="127.619" errors="0">
  <testcase name="tc0026Home" time="127.619" classname="TestSuite1.TC0026Home"/>
</testsuite> <!-- TestSuite1.TC0026Home -->
