<?xml version="1.0" encoding="UTF-8"?>
<!-- Generated by org.testng.reporters.JUnitReportReporter -->
<testsuite hostname="Dev21" name="testSuiteLocalization.LocalizationPoVSectionTest" tests="1" failures="0" timestamp="23 May 2017 17:36:18 GMT" time="1.104" errors="0">
  <testcase name="LocalizationPoVSection" time="1.104" classname="testSuiteLocalization.LocalizationPoVSectionTest"/>
</testsuite> <!-- testSuiteLocalization.LocalizationPoVSectionTest -->
