<?xml version="1.0" encoding="UTF-8"?>
<!-- Generated by org.testng.reporters.JUnitReportReporter -->
<testsuite hostname="Dev21" name="testSuiteUsageActions.TotalUsageByCountryActions" tests="1" failures="0" timestamp="19 Dec 2016 19:40:31 GMT" time="283.490" errors="0">
  <testcase name="TotalUsageByCountryActionsTest" time="283.490" classname="testSuiteUsageActions.TotalUsageByCountryActions"/>
</testsuite> <!-- testSuiteUsageActions.TotalUsageByCountryActions -->
