<?xml version="1.0" encoding="UTF-8"?>
<!-- Generated by org.testng.reporters.JUnitReportReporter -->
<testsuite hostname="Dev21" name="testSuiteLocalization.CurrenciesFleetUsageTest" tests="1" failures="0" timestamp="8 May 2017 12:13:20 GMT" time="12.731" errors="0">
  <testcase name="LocalizationFleetUsageKPIs" time="12.731" classname="testSuiteLocalization.CurrenciesFleetUsageTest"/>
</testsuite> <!-- testSuiteLocalization.CurrenciesFleetUsageTest -->
