<?xml version="1.0" encoding="UTF-8"?>
<!-- Generated by org.testng.reporters.JUnitReportReporter -->
<testsuite hostname="Dev21" name="testSuiteHierarchyDashValues.HierarchyTestValuesTopTen" tests="1" failures="0" timestamp="13 Feb 2017 20:08:05 GMT" time="38.103" errors="0">
  <testcase name="HierarchyTestValuesTopTenTest" time="38.103" classname="testSuiteHierarchyDashValues.HierarchyTestValuesTopTen"/>
</testsuite> <!-- testSuiteHierarchyDashValues.HierarchyTestValuesTopTen -->
