<?xml version="1.0" encoding="UTF-8"?>
<!-- Generated by org.testng.reporters.JUnitReportReporter -->
<testsuite hostname="Dev21" name="testSuiteLocalization.LocalizationFleetTopTenTest" tests="1" failures="0" timestamp="23 May 2017 17:39:32 GMT" time="10.093" errors="0">
  <testcase name="LocalizationFleetTopTen" time="10.093" classname="testSuiteLocalization.LocalizationFleetTopTenTest"/>
</testsuite> <!-- testSuiteLocalization.LocalizationFleetTopTenTest -->
