<?xml version="1.0" encoding="UTF-8"?>
<!-- Generated by org.testng.reporters.JUnitReportReporter -->
<testsuite hostname="BLICHTENFEL6440" name="testSuiteExpenseVisual.TotalExpenseByVendorSpendCategoryVisual" tests="1" failures="0" timestamp="6 Jun 2017 21:07:43 GMT" time="98.997" errors="0">
  <testcase name="TotalExpenseByVendorSpendVisualTest" time="98.997" classname="testSuiteExpenseVisual.TotalExpenseByVendorSpendCategoryVisual"/>
</testsuite> <!-- testSuiteExpenseVisual.TotalExpenseByVendorSpendCategoryVisual -->
