<?xml version="1.0" encoding="UTF-8"?>
<!-- Generated by org.testng.reporters.JUnitReportReporter -->
<testsuite hostname="BLICHTENFEL6440" name="TestSuite1.TC00ACCess" tests="1" failures="0" timestamp="21 Aug 2016 17:46:40 GMT" time="161.892" errors="0">
  <testcase name="tc0027Home" time="161.892" classname="TestSuite1.TC00ACCess"/>
</testsuite> <!-- TestSuite1.TC00ACCess -->
